<?xml version="1.0" encoding="UTF-8"?>
<testng-results ignored="0" total="1" passed="1" failed="0" skipped="0">
  <reporter-output>
  </reporter-output>
  <suite started-at="2021-11-11T15:42:15 EET" name="Default suite" finished-at="2021-11-11T15:42:29 EET" duration-ms="14029">
    <groups>
    </groups>
    <test started-at="2021-11-11T15:42:15 EET" name="Default test" finished-at="2021-11-11T15:42:29 EET" duration-ms="14029">
      <class name="Tests.googlesearch">
        <test-method signature="opeURL()[pri:0, instance:Tests.googlesearch@77eca502]" started-at="2021-11-11T15:42:15 EET" name="opeURL" finished-at="2021-11-11T15:42:28 EET" duration-ms="13136" status="PASS">
          <reporter-output>
          </reporter-output>
        </test-method> <!-- opeURL -->
        <test-method is-config="true" signature="tearDown()[pri:0, instance:Tests.googlesearch@77eca502]" started-at="2021-11-11T15:42:28 EET" name="tearDown" finished-at="2021-11-11T15:42:29 EET" duration-ms="831" status="PASS">
          <reporter-output>
          </reporter-output>
        </test-method> <!-- tearDown -->
      </class> <!-- Tests.googlesearch -->
    </test> <!-- Default test -->
  </suite> <!-- Default suite -->
</testng-results>
